<?xml version="1.0" encoding="UTF-8"?>
<!-- Generated by org.testng.reporters.JUnitXMLReporter -->
<testsuite ignored="0" hostname="macbook28.local" failures="2" tests="2" name="firefox" time="0.003" errors="0" timestamp="2022-04-27T12:03:30 CEST">
  <testcase classname="org.automation.tests.HomepageTests" name="e2eCardPayment" time="0.0">
    <failure type="org.testng.TestNGException" message="
Cannot inject @Test annotated Method [e2eCardPayment] with [class java.lang.String].
For more information on native dependency injection please refer to http://testng.org/doc/documentation-main.html#native-dependency-injection">
      <![CDATA[org.testng.TestNGException: 
Cannot inject @Test annotated Method [e2eCardPayment] with [class java.lang.String].
For more information on native dependency injection please refer to http://testng.org/doc/documentation-main.html#native-dependency-injection
at java.base/java.util.concurrent.ThreadPoolExecutor.runWorker(ThreadPoolExecutor.java:1136)
at java.base/java.util.concurrent.ThreadPoolExecutor$Worker.run(ThreadPoolExecutor.java:635)
at java.base/java.lang.Thread.run(Thread.java:833)
... Removed 11 stack frames]]>
    </failure>
  </testcase> <!-- e2eCardPayment -->
  <testcase classname="org.automation.tests.HomepageTests" name="e2eCashOnDelivery" time="0.0">
    <failure type="org.testng.TestNGException" message="
Cannot inject @Test annotated Method [e2eCashOnDelivery] with [class java.lang.String].
For more information on native dependency injection please refer to http://testng.org/doc/documentation-main.html#native-dependency-injection">
      <![CDATA[org.testng.TestNGException: 
Cannot inject @Test annotated Method [e2eCashOnDelivery] with [class java.lang.String].
For more information on native dependency injection please refer to http://testng.org/doc/documentation-main.html#native-dependency-injection
at java.base/java.util.concurrent.ThreadPoolExecutor.runWorker(ThreadPoolExecutor.java:1136)
at java.base/java.util.concurrent.ThreadPoolExecutor$Worker.run(ThreadPoolExecutor.java:635)
at java.base/java.lang.Thread.run(Thread.java:833)
... Removed 11 stack frames]]>
    </failure>
  </testcase> <!-- e2eCashOnDelivery -->
</testsuite> <!-- firefox -->
