-------------------------------------------------------------------------------
Test set: TestSuite
-------------------------------------------------------------------------------
Tests run: 4, Failures: 4, Errors: 0, Skipped: 0, Time elapsed: 0.967 s <<< FAILURE! - in TestSuite
org.automation.tests.HomepageTests.e2eCardPayment  Time elapsed: 0.291 s  <<< FAILURE!
org.testng.TestNGException: 

Cannot inject @Test annotated Method [e2eCardPayment] with [class java.lang.String].
For more information on native dependency injection please refer to http://testng.org/doc/documentation-main.html#native-dependency-injection

org.automation.tests.HomepageTests.e2eCashOnDelivery  Time elapsed: 0.291 s  <<< FAILURE!
org.testng.TestNGException: 

Cannot inject @Test annotated Method [e2eCashOnDelivery] with [class java.lang.String].
For more information on native dependency injection please refer to http://testng.org/doc/documentation-main.html#native-dependency-injection

org.automation.tests.HomepageTests.e2eCardPayment  Time elapsed: 0.456 s  <<< FAILURE!
org.testng.TestNGException: 

Cannot inject @Test annotated Method [e2eCardPayment] with [class java.lang.String].
For more information on native dependency injection please refer to http://testng.org/doc/documentation-main.html#native-dependency-injection

org.automation.tests.HomepageTests.e2eCashOnDelivery  Time elapsed: 0.456 s  <<< FAILURE!
org.testng.TestNGException: 

Cannot inject @Test annotated Method [e2eCashOnDelivery] with [class java.lang.String].
For more information on native dependency injection please refer to http://testng.org/doc/documentation-main.html#native-dependency-injection

